BioNetGen version 2.8.3
Reading from file /Users/faeder/Library/CloudStorage/OneDrive-UniversityofPittsburgh/Workshop_2022/bionetgen/PyBNG/SIR/2022_07_08__12_53_03/SIR.bngl (level 0)
Read 4 parameters.
Read 3 species.
Read 3 observable(s).
Read 2 reaction rule(s).
Executing visualize() command.
Building network graphs for individual rules.
Compiling network graph for whole model.
Wrote network of rules and atomic patterns in graphml format to ./SIR_regulatory.graphml.
CPU TIME: visualize 0.00 s.
ACTION: simulate( method=>"cvode" )
ACTION: generate_network( SIR )
Iteration   0:     3 species      0 rxns  0.00e+00 CPU s
Iteration   1:     3 species      2 rxns  0.00e+00 CPU s
Cumulative CPU time for each rule
Rule   1:     1 reactions 0.00e+00 CPU s 0.00e+00 CPU s/rxn
Rule   2:     1 reactions 0.00e+00 CPU s 0.00e+00 CPU s/rxn
Total   :     2 reactions 0.00e+00 CPU s 0.00e+00 CPU s/rxn
Wrote network in net format to ./SIR.net.
Network simulation using cvode
WARNING: writeFile(): Overwriting existing file ./SIR.net.
Wrote network in net format to ./SIR.net.
Running run_network on Jamess-MBP
full command: /Users/faeder/opt/anaconda3/lib/python3.9/site-packages/bionetgen/bng-mac/bin/run_network -o ./SIR -p cvode -a 1e-08 -r 1e-08 --cdat 1 --fdat 0 -g ./SIR.net ./SIR.net 0.5 200
[simulation PID is: 39498]
run_network 3.0
Read 5 parameters from ./SIR.net
Read 3 species from ./SIR.net
Read 3 group(s) from ./SIR.net
Read 0 function(s) from ./SIR.net
Read 2 reaction(s) from ./SIR.net
2 reaction(s) have nonzero rate
Initialization took 0.00 CPU seconds
Propagating with cvode using dense LU
Time course of concentrations written to file ./SIR.cdat.
Time course of groups written to file ./SIR.gdat.
Propagation took 0.00e+00 CPU seconds
Program times:  0.00 CPU s 0.00 clock s
Updating species concentrations from ./SIR.cdat
CPU TIME: simulate 0.01 s.
Finished processing file /Users/faeder/Library/CloudStorage/OneDrive-UniversityofPittsburgh/Workshop_2022/bionetgen/PyBNG/SIR/2022_07_08__12_53_03/SIR.bngl.
CPU TIME: total 0.02 s.