BioNetGen version 2.8.3
Reading from file /Users/faeder/Library/CloudStorage/OneDrive-UniversityofPittsburgh/BioNetGen/Workshop_2022/LRLR/2022_07_11__18_3_53/LRLR.bngl (level 0)
Read 3 parameters.
Read 2 molecule types.
Read 2 species.
Read 7 observable(s).
Read 1 reaction rule(s).
ACTION: simulate( method=>"nf" )
NetworkFree simulation using nf
ACTION: simulate_nf( )
Wrote model in xml format to ./LRLR.xml.
Running NFsim on Jamess-MBP
full command: /Users/faeder/opt/anaconda3/lib/python3.9/site-packages/bionetgen/bng-mac/bin/NFsim -xml ./LRLR.xml -o ./LRLR.gdat -sim 5 -oSteps 200 -ss ./LRLR.species -cb -seed 671193001
[simulation PID is: 43762]
starting NFsim v1.2.2...

Seeding random number generator with: 671193001
reading xml file (./LRLR.xml)
[----
Warning!! Creating a Species Observable!  NFsim does not keep track of Species
by default, so this type of observable requires complex bookkeeping to be turned on
which makes NFsim run slower.  Be sure that you need this observable!


Warning!! Creating a Species Observable!  NFsim does not keep track of Species
by default, so this type of observable requires complex bookkeeping to be turned on
which makes NFsim run slower.  Be sure that you need this observable!


Warning!! Creating a Species Observable!  NFsim does not keep track of Species
by default, so this type of observable requires complex bookkeeping to be turned on
which makes NFsim run slower.  Be sure that you need this observable!


Warning!! Creating a Species Observable!  NFsim does not keep track of Species
by default, so this type of observable requires complex bookkeeping to be turned on
which makes NFsim run slower.  Be sure that you need this observable!


Warning!! Creating a Species Observable!  NFsim does not keep track of Species
by default, so this type of observable requires complex bookkeeping to be turned on
which makes NFsim run slower.  Be sure that you need this observable!


Warning!! Creating a Species Observable!  NFsim does not keep track of Species
by default, so this type of observable requires complex bookkeeping to be turned on
which makes NFsim run slower.  Be sure that you need this observable!

---]
preparing simulation...



Equilibrating for :0s.  Please wait.

simulating system for: 5.000000e+00 second(s).

Sim time: 0.000000e+00	CPU time (total): 4.400000e-05s	 events (step): 0
Sim time: 2.500000e-02	CPU time (total): 6.650000e-04s	 events (step): 167
Sim time: 5.000000e-02	CPU time (total): 7.640000e-04s	 events (step): 16
Sim time: 7.500000e-02	CPU time (total): 8.140000e-04s	 events (step): 5
Sim time: 1.000000e-01	CPU time (total): 8.480000e-04s	 events (step): 5
Sim time: 1.500000e-01	CPU time (total): 8.760000e-04s	 events (step): 1
Sim time: 1.750000e-01	CPU time (total): 9.030000e-04s	 events (step): 2
Sim time: 2.000000e-01	CPU time (total): 9.260000e-04s	 events (step): 1
Sim time: 3.000000e-01	CPU time (total): 9.630000e-04s	 events (step): 1
Sim time: 3.500000e-01	CPU time (total): 9.950000e-04s	 events (step): 1
Sim time: 4.250000e-01	CPU time (total): 1.039000e-03s	 events (step): 1
Sim time: 6.000000e-01	CPU time (total): 1.087000e-03s	 events (step): 1
Sim time: 6.750000e-01	CPU time (total): 1.136000e-03s	 events (step): 1
Sim time: 7.500000e-01	CPU time (total): 1.204000e-03s	 events (step): 1
Sim time: 8.750000e-01	CPU time (total): 1.264000e-03s	 events (step): 1
Sim time: 9.750000e-01	CPU time (total): 1.316000e-03s	 events (step): 1
Sim time: 1.025000e+00	CPU time (total): 1.356000e-03s	 events (step): 1
Sim time: 1.050000e+00	CPU time (total): 1.380000e-03s	 events (step): 1
Sim time: 1.125000e+00	CPU time (total): 1.420000e-03s	 events (step): 1
Sim time: 1.250000e+00	CPU time (total): 1.461000e-03s	 events (step): 1
Sim time: 1.275000e+00	CPU time (total): 1.492000e-03s	 events (step): 1
Sim time: 1.500000e+00	CPU time (total): 1.559000e-03s	 events (step): 1
Sim time: 1.850000e+00	CPU time (total): 1.631000e-03s	 events (step): 1
Sim time: 2.300000e+00	CPU time (total): 1.712000e-03s	 events (step): 1
Sim time: 2.525000e+00	CPU time (total): 1.779000e-03s	 events (step): 1
Sim time: 2.550000e+00	CPU time (total): 1.830000e-03s	 events (step): 1
Sim time: 3.375000e+00	CPU time (total): 2.002000e-03s	 events (step): 1
Sim time: 3.450000e+00	CPU time (total): 2.057000e-03s	 events (step): 1
Sim time: 3.800000e+00	CPU time (total): 2.144000e-03s	 events (step): 1
Sim time: 3.900000e+00	CPU time (total): 2.191000e-03s	 events (step): 1
Sim time: 3.975000e+00	CPU time (total): 2.231000e-03s	 events (step): 1
Sim time: 4.125000e+00	CPU time (total): 2.274000e-03s	 events (step): 1
Sim time: 4.975000e+00	CPU time (total): 2.443000e-03s	 events (step): 1

You just simulated 223 reactions in 2.479000e-03s
( 8.995563e+04 reactions/sec, 1.111659e-05 CPU seconds/event )
Null events: 5   (1.137156e-05 CPU seconds/non-null event )


saving list of final molecular species...

done.  Total CPU time: 0.009181s

SpeciesLabel max molecule threshold set to 20.
WARNING: Species with more than 20 molecules will be labeled with the Quasi method.
readNFspecies::Reading from file ./LRLR.species
Read 2 unique species of 2 total.
SpeciesLabel max molecule threshold set to 0.
(all species will be labeled with the Auto method)
CPU TIME: simulate 0.04 s.
Finished processing file /Users/faeder/Library/CloudStorage/OneDrive-UniversityofPittsburgh/BioNetGen/Workshop_2022/LRLR/2022_07_11__18_3_53/LRLR.bngl.
CPU TIME: total 0.04 s.