BioNetGen version 2.8.3
Reading from file /Users/faeder/Library/CloudStorage/OneDrive-UniversityofPittsburgh/BioNetGen/Workshop_2022/bionetgen/HandsOn_II/LR/2022_07_14__11_44_15/LR.bngl (level 0)
Read 2 parameters.
Read 2 molecule types.
Read 2 species.
Read 1 observable(s).
Read 1 reaction rule(s).
ACTION: simulate( method=>"cvode" )
ACTION: generate_network( LR )
Iteration   0:     2 species      0 rxns  0.00e+00 CPU s
Iteration   1:     3 species      1 rxns  0.00e+00 CPU s
Iteration   2:     3 species      2 rxns  0.00e+00 CPU s
Cumulative CPU time for each rule
Rule   1:     2 reactions 0.00e+00 CPU s 0.00e+00 CPU s/rxn
Total   :     2 reactions 0.00e+00 CPU s 0.00e+00 CPU s/rxn
Wrote network in net format to ./LR.net.
Network simulation using cvode
WARNING: writeFile(): Overwriting existing file ./LR.net.
Wrote network in net format to ./LR.net.
Running run_network on Jamess-MBP
full command: /Users/faeder/opt/anaconda3/lib/python3.9/site-packages/bionetgen/bng-mac/bin/run_network -o ./LR -p cvode -a 1e-08 -r 1e-08 --cdat 1 --fdat 0 -g ./LR.net ./LR.net 0.025 200
[simulation PID is: 36628]
run_network 3.0
Read 2 parameters from ./LR.net
Read 3 species from ./LR.net
Read 1 group(s) from ./LR.net
Read 0 function(s) from ./LR.net
Read 2 reaction(s) from ./LR.net
2 reaction(s) have nonzero rate
Initialization took 0.00 CPU seconds
Propagating with cvode using dense LU
Time course of concentrations written to file ./LR.cdat.
Time course of groups written to file ./LR.gdat.
Propagation took 0.00e+00 CPU seconds
Program times:  0.00 CPU s 0.00 clock s
Updating species concentrations from ./LR.cdat
CPU TIME: simulate 0.01 s.
Finished processing file /Users/faeder/Library/CloudStorage/OneDrive-UniversityofPittsburgh/BioNetGen/Workshop_2022/bionetgen/HandsOn_II/LR/2022_07_14__11_44_15/LR.bngl.
CPU TIME: total 0.03 s.