BioNetGen version 2.8.3
Reading from file /Users/faeder/Library/CloudStorage/OneDrive-UniversityofPittsburgh/BioNetGen/Workshop_2022/bionetgen/HandsOn_II/LRR_autoP/2022_07_10__21_1_57/LRR_autoP.bngl (level 0)
Read 7 parameters.
Read 2 molecule types.
Read 2 species.
Read 4 observable(s).
Read 4 reaction rule(s).
ACTION: simulate( method=>"cvode" )
ACTION: generate_network( LRR_autoP )
Iteration   0:     2 species      0 rxns  0.00e+00 CPU s
Iteration   1:     3 species      1 rxns  0.00e+00 CPU s
Iteration   2:     4 species      3 rxns  0.00e+00 CPU s
Iteration   3:     5 species      5 rxns  0.00e+00 CPU s
Iteration   4:     8 species      9 rxns  0.00e+00 CPU s
Iteration   5:     8 species     18 rxns  0.00e+00 CPU s
Cumulative CPU time for each rule
Rule   1:     4 reactions 0.00e+00 CPU s 0.00e+00 CPU s/rxn
Rule   2:     8 reactions 0.00e+00 CPU s 0.00e+00 CPU s/rxn
Rule   3:     2 reactions 0.00e+00 CPU s 0.00e+00 CPU s/rxn
Rule   4:     4 reactions 0.00e+00 CPU s 0.00e+00 CPU s/rxn
Total   :    18 reactions 0.00e+00 CPU s 0.00e+00 CPU s/rxn
Wrote network in net format to ./LRR_autoP.net.
Network simulation using cvode
WARNING: writeFile(): Overwriting existing file ./LRR_autoP.net.
Wrote network in net format to ./LRR_autoP.net.
Running run_network on Jamess-MBP
full command: /Users/faeder/opt/anaconda3/lib/python3.9/site-packages/bionetgen/bng-mac/bin/run_network -o ./LRR_autoP -p cvode -a 1e-08 -r 1e-08 --cdat 1 --fdat 0 -g ./LRR_autoP.net ./LRR_autoP.net 0.025 200
[simulation PID is: 77142]
run_network 3.0
Read 7 parameters from ./LRR_autoP.net
Read 8 species from ./LRR_autoP.net
Read 4 group(s) from ./LRR_autoP.net
Read 0 function(s) from ./LRR_autoP.net
Read 18 reaction(s) from ./LRR_autoP.net
18 reaction(s) have nonzero rate
Initialization took 0.00 CPU seconds
Propagating with cvode using dense LU
Time course of concentrations written to file ./LRR_autoP.cdat.
Time course of groups written to file ./LRR_autoP.gdat.
Propagation took 0.00e+00 CPU seconds
Program times:  0.00 CPU s 0.00 clock s
Updating species concentrations from ./LRR_autoP.cdat
CPU TIME: simulate 0.02 s.
Finished processing file /Users/faeder/Library/CloudStorage/OneDrive-UniversityofPittsburgh/BioNetGen/Workshop_2022/bionetgen/HandsOn_II/LRR_autoP/2022_07_10__21_1_57/LRR_autoP.bngl.
CPU TIME: total 0.03 s.