BioNetGen version 2.8.3
Reading from file /Users/faeder/Library/CloudStorage/OneDrive-UniversityofPittsburgh/BioNetGen/Workshop_2022/LRR/2022_07_11__17_45_41/LRR.bngl (level 0)
Read 3 parameters.
Read 2 molecule types.
Read 2 species.
Read 3 observable(s).
Read 1 reaction rule(s).
ACTION: generate_network( LRR )
Iteration   0:     2 species      0 rxns  0.00e+00 CPU s
Iteration   1:     3 species      1 rxns  0.00e+00 CPU s
Iteration   2:     4 species      3 rxns  0.00e+00 CPU s
Iteration   3:     4 species      4 rxns  0.00e+00 CPU s
Cumulative CPU time for each rule
Rule   1:     4 reactions 0.00e+00 CPU s 0.00e+00 CPU s/rxn
Total   :     4 reactions 0.00e+00 CPU s 0.00e+00 CPU s/rxn
Wrote network in net format to ./LRR.net.
CPU TIME: generate_network 0.00 s.
WARNING: writeFile(): Overwriting existing file ./LRR.net.
Writing full species names in reactions.
Wrote model and network in net format to ./LRR.net.
CPU TIME: writeFile 0.00 s.
Finished processing file /Users/faeder/Library/CloudStorage/OneDrive-UniversityofPittsburgh/BioNetGen/Workshop_2022/LRR/2022_07_11__17_45_41/LRR.bngl.
CPU TIME: total 0.01 s.