BioNetGen version 2.8.3
Reading from file /Users/faeder/Library/CloudStorage/OneDrive-UniversityofPittsburgh/BioNetGen/Workshop_2022/bionetgen/HandsOn_II/LRR_units/2022_07_11__8_47_57/LRR_units.bngl (level 0)
Read 11 parameters.
Read 2 molecule types.
Read 2 species.
Read 3 observable(s).
Read 2 reaction rule(s).
ACTION: simulate( method=>"cvode" )
ACTION: generate_network( LRR_units )
Iteration   0:     2 species      0 rxns  0.00e+00 CPU s
Iteration   1:     3 species      1 rxns  0.00e+00 CPU s
Iteration   2:     4 species      3 rxns  0.00e+00 CPU s
Iteration   3:     4 species      4 rxns  0.00e+00 CPU s
Cumulative CPU time for each rule
Rule   1:     2 reactions 0.00e+00 CPU s 0.00e+00 CPU s/rxn
Rule   2:     2 reactions 0.00e+00 CPU s 0.00e+00 CPU s/rxn
Total   :     4 reactions 0.00e+00 CPU s 0.00e+00 CPU s/rxn
Wrote network in net format to ./LRR_units.net.
Network simulation using cvode
WARNING: writeFile(): Overwriting existing file ./LRR_units.net.
Wrote network in net format to ./LRR_units.net.
Running run_network on Jamess-MBP
full command: /Users/faeder/opt/anaconda3/lib/python3.9/site-packages/bionetgen/bng-mac/bin/run_network -o ./LRR_units -p cvode -a 1e-08 -r 1e-08 --cdat 1 --fdat 0 -g ./LRR_units.net ./LRR_units.net 1 200
[simulation PID is: 20482]
run_network 3.0
Read 13 parameters from ./LRR_units.net
Read 4 species from ./LRR_units.net
Read 3 group(s) from ./LRR_units.net
Read 0 function(s) from ./LRR_units.net
Read 4 reaction(s) from ./LRR_units.net
4 reaction(s) have nonzero rate
Initialization took 0.00 CPU seconds
Propagating with cvode using dense LU
Time course of concentrations written to file ./LRR_units.cdat.
Time course of groups written to file ./LRR_units.gdat.
Propagation took 0.00e+00 CPU seconds
Program times:  0.00 CPU s 0.00 clock s
Updating species concentrations from ./LRR_units.cdat
CPU TIME: simulate 0.01 s.
Finished processing file /Users/faeder/Library/CloudStorage/OneDrive-UniversityofPittsburgh/BioNetGen/Workshop_2022/bionetgen/HandsOn_II/LRR_units/2022_07_11__8_47_57/LRR_units.bngl.
CPU TIME: total 0.02 s.