BioNetGen version 2.8.3
Reading from file /Users/faeder/Library/CloudStorage/OneDrive-UniversityofPittsburgh/BioNetGen/Workshop_2022/LRR/2022_07_11__17_39_40/LRR.bngl (level 0)
Read 3 parameters.
Read 2 molecule types.
Read 2 species.
Read 3 observable(s).
Read 1 reaction rule(s).
ACTION: simulate( method=>"cvode" )
ACTION: generate_network( LRR )
Iteration   0:     2 species      0 rxns  0.00e+00 CPU s
Iteration   1:     3 species      1 rxns  0.00e+00 CPU s
Iteration   2:     4 species      3 rxns  0.00e+00 CPU s
Iteration   3:     4 species      4 rxns  1.00e-02 CPU s
Cumulative CPU time for each rule
Rule   1:     4 reactions 1.00e-02 CPU s 2.50e-03 CPU s/rxn
Total   :     4 reactions 1.00e-02 CPU s 2.50e-03 CPU s/rxn
Wrote network in net format to ./LRR.net.
Network simulation using cvode
WARNING: writeFile(): Overwriting existing file ./LRR.net.
Wrote network in net format to ./LRR.net.
Running run_network on Jamess-MBP
full command: /Users/faeder/opt/anaconda3/lib/python3.9/site-packages/bionetgen/bng-mac/bin/run_network -o ./LRR -p cvode -a 1e-08 -r 1e-08 --cdat 1 --fdat 0 -g ./LRR.net ./LRR.net 0.025 200
[simulation PID is: 42159]
run_network 3.0
Read 3 parameters from ./LRR.net
Read 4 species from ./LRR.net
Read 3 group(s) from ./LRR.net
Read 0 function(s) from ./LRR.net
Read 4 reaction(s) from ./LRR.net
4 reaction(s) have nonzero rate
Initialization took 0.00 CPU seconds
Propagating with cvode using dense LU
Time course of concentrations written to file ./LRR.cdat.
Time course of groups written to file ./LRR.gdat.
Propagation took 0.00e+00 CPU seconds
Program times:  0.00 CPU s 0.00 clock s
Updating species concentrations from ./LRR.cdat
CPU TIME: simulate 0.02 s.
Finished processing file /Users/faeder/Library/CloudStorage/OneDrive-UniversityofPittsburgh/BioNetGen/Workshop_2022/LRR/2022_07_11__17_39_40/LRR.bngl.
CPU TIME: total 0.02 s.